<?xml version="1.0" encoding="UTF-8"?>
<!-- Generated by org.testng.reporters.JUnitReportReporter -->
<testsuite hostname="Sathvik" name="extent.ExtendReport" tests="3" failures="0" timestamp="26 Apr 2022 08:57:48 GMT" time="15.412" errors="0">
  <testcase name="openFacebook" time="4.036" classname="extent.ExtendReport"/>
  <testcase name="openWiki" time="6.922" classname="extent.ExtendReport"/>
  <testcase name="openGoogle" time="4.454" classname="extent.ExtendReport"/>
</testsuite> <!-- extent.ExtendReport -->
